make all --print-data-base --no-builtin-variables --no-builtin-rules --question
# GNU Make 4.2.1
# Built for x86_64-pc-linux-gnu
# Copyright (C) 1988-2016 Free Software Foundation, Inc.
# License GPLv3+: GNU GPL version 3 or later <http://gnu.org/licenses/gpl.html>
# This is free software: you are free to change and redistribute it.
# There is NO WARRANTY, to the extent permitted by law.

# Make data base, printed on Wed Jun  8 11:18:49 2022

# Variables

# automatic
<D = $(patsubst %/,%,$(dir $<))
# automatic
?F = $(notdir $?)
# environment
WSLENV = ELECTRON_RUN_AS_NODE/w:WT_SESSION::WT_PROFILE_ID
# default
.SHELLFLAGS := -c
# environment
VSCODE_LOG_NATIVE = false
# automatic
?D = $(patsubst %/,%,$(dir $?))
# environment
DIRENV_WATCHES = eJx0zr1ugzAUBtB38Yxy_QcG9o6VslcdLr4fhcrEku2klaq8e1eWvMDR-fhTV26bmhVt-QB93feUUI5M15K_EVulgwV0we1RourUe5a2H1Cz6adJOx-C7tTb715bVXMrdzy7l-Ql5ciJ6sYFJHvB7UGcUv4hjMavq7cGi3Z2EGP7aYm-ZydLmDQgPMLrIWgjbIG42D6IODeMKzsezrHTZ-VU8fz8DwAA___2KkoK
# automatic
@D = $(patsubst %/,%,$(dir $@))
# automatic
@F = $(notdir $@)
# makefile
CURDIR := /home/guillermo/Projects/made
# environment
RBENV_SHELL = bash
# environment
VSCODE_NLS_CONFIG = {"locale":"en","availableLanguages":{}}
# environment
_ = /mnt/c/Users/guill/AppData/Local/Programs/Microsoft VS Code/bin/code
# makefile (from 'Makefile', line 1)
MAKEFILE_LIST :=  Makefile
# environment
INTERACTIVE = true
# 'override' directive
GNUMAKEFLAGS := 
# environment
XDG_DATA_DIRS = /home/guillermo/.local/share/flatpak/exports/share:/var/lib/flatpak/exports/share:/usr/local/share:/usr/share:/var/lib/snapd/desktop
# environment
VSCODE_AMD_ENTRYPOINT = vs/workbench/api/node/extensionHostProcess
# environment
VSCODE_VERBOSE_LOGGING = true
# environment
PERL_MM_OPT = INSTALL_BASE=/home/guillermo/perl5
# environment
DIRENV_DIFF = eJw0ysmSojAAANB_yVkKQVnkBoZhk1EYEkcvFIQAamjasKix_Pc-9f29wTew3p8F-ALWG8Agdf_iHAYpsIAkt31H5Wa6MEZ518sH3l8pGQe5KyoKFr_6aGdb3_0HLEDD51JwZWqEjZzRWZmn5ytPiLfpdTwwUu34um4Jd2-TemPF3aQKPc4xTKW6zbCql12LRylxNquaIhRosaJFuYsn1jzw8kGVtJ84olqh-spW6EUV7p_S1hiz0lC0Ev-PeSVeBpMSppFLqA-nP6E_OwbyCJrX7TUu5rtBvMvqrLrewShOnXR-VbsOJs0h3vHg2FzLwFurUA_2kMaRGKjgfnaWMDJrYcKHbed5rka3PgKfz08AAAD__zBaZn8=
# environment
LESSOPEN = | /usr/bin/lesspipe %s
# environment
VSCODE_CWD = /mnt/c/Users/guill/AppData/Local/Programs/Microsoft VS Code
# environment
GOPROXY = https://proxy.golang.org,direct
# default
MAKE_HOST := x86_64-pc-linux-gnu
# environment
PATH = /usr/local/go/bin:/home/guillermo/.vscode-server/bin/c3511e6c69bb39013c4a4b7b9566ec1ca73fc4d5/bin/remote-cli:/home/guillermo/.yarn/bin:/home/guillermo/.config/yarn/global/node_modules/.bin:/home/guillermo/.amplify/bin:/home/guillermo/.yarn/bin:/home/guillermo/.rvm/bin:/home/guillermo/.rvm/bin:/home/guillermo/.rbenv/shims:/home/guillermo/.local/bin:/usr/local/heroku/bin:/home/guillermo/go/bin:/home/guillermo/.deno/bin:/home/guillermo/.local/bin:/usr/local/sbin:/usr/local/bin:/usr/sbin:/usr/bin:/sbin:/bin:/usr/games:/usr/local/games:/usr/lib/wsl/lib:/mnt/c/Python39/Scripts/:/mnt/c/Python39/:/mnt/c/Python27/:/mnt/c/Python27/Scripts:/mnt/c/Windows/System32:/mnt/c/Windows:/mnt/c/Windows/System32/wbem:/mnt/c/Windows/System32/WindowsPowerShell/v1.0/:/mnt/c/Windows/System32/OpenSSH/:/mnt/c/ProgramData/chocolatey/bin:/mnt/c/Program Files/Java/jdk1.8.0_231/bin:/mnt/c/Program Files (x86)/Yarn/bin/:/mnt/c/Program Files/qemu:/mnt/c/Program Files (x86)/VMware/VMware VIX:/mnt/c/Program Files (x86)/VMware/VMware Player:/mnt/c/Program Files/PowerShell/7/:/mnt/c/TDM-GCC-64/bin:/mnt/c/Program Files/dotnet/:/mnt/c/Program Files/Git/cmd:/mnt/c/Program Files/WireGuard/:/mnt/c/Program Files/Calibre2/:/mnt/c/Program Files/nodejs/:/mnt/c/Program Files/Go/bin:/mnt/c/Program Files/AutoFirma/AutoFirma:/mnt/c/Program Files/usbipd-win/:/mnt/c/Program Files (x86)/GnuPG/bin:/mnt/c/WINDOWS/system32:/mnt/c/WINDOWS:/mnt/c/WINDOWS/System32/Wbem:/mnt/c/WINDOWS/System32/WindowsPowerShell/v1.0/:/mnt/c/WINDOWS/System32/OpenSSH/:/mnt/c/Program Files/Docker/Docker/resources/bin:/mnt/c/ProgramData/DockerDesktop/version-bin:/mnt/c/windows/system32:/mnt/c/windows:/mnt/c/windows/System32/Wbem:/mnt/c/windows/System32/WindowsPowerShell/v1.0/:/mnt/c/windows/System32/OpenSSH/:/mnt/c/Go/bin:/mnt/c/Users/guill/scoop/shims:/mnt/c/Users/guill/AppData/Local/Microsoft/WindowsApps:/mnt/c/Users/guill/AppData/Local/Android/Sdk/platform-tools:/mnt/c/Users/guill/AppData/Local/GitHubDesktop/bin:/mnt/c/Users/guill/go/bin:/mnt/c/Users/guill/AppData/Local/Yarn/bin:/mnt/c/Users/guill/AppData/Local/Microsoft/WindowsApps:/mnt/c/Users/guill/AppData/Local/Programs/Microsoft VS Code/bin:/mnt/c/Users/guill/AppData/Roaming/npm:/mnt/c/Users/guill/go/bin:/mnt/c/Program Files (x86)/Nmap:/snap/bin:/usr/local/go/misc/wasm
# environment
NAME = Code
# environment
GOPATH = /home/guillermo/go
# environment
VSCODE_LOG_STACK = false
# environment
VSCODE_IPC_HOOK_CLI = /mnt/wslg/runtime-dir/vscode-ipc-6a6ec060-5438-41c4-8670-31c91c24bf8b.sock
# default
.FEATURES := target-specific order-only second-expansion else-if shortest-stem undefine oneshell archives jobserver output-sync check-symlink load
# environment
CDPATH = :.:/home/guillermo:/home/guillermo/Projects
# environment
LS_COLORS = ow=0:no=0:ln=0;38;2;249;38;114:st=0:cd=0;38;2;249;38;114;48;2;51;51;51:mi=0;38;2;0;0;0;48;2;255;74;68:so=0;38;2;0;0;0;48;2;249;38;114:pi=0;38;2;0;0;0;48;2;102;217;239:di=0;38;2;102;217;239:ex=1;38;2;249;38;114:*~=0;38;2;122;112;112:bd=0;38;2;102;217;239;48;2;51;51;51:tw=0:fi=0:or=0;38;2;0;0;0;48;2;255;74;68:*.d=0;38;2;0;255;135:*.o=0;38;2;122;112;112:*.c=0;38;2;0;255;135:*.m=0;38;2;0;255;135:*.z=4;38;2;249;38;114:*.t=0;38;2;0;255;135:*.h=0;38;2;0;255;135:*.p=0;38;2;0;255;135:*.r=0;38;2;0;255;135:*.a=1;38;2;249;38;114:*.ex=0;38;2;0;255;135:*.xz=4;38;2;249;38;114:*.7z=4;38;2;249;38;114:*.jl=0;38;2;0;255;135:*.ml=0;38;2;0;255;135:*.ts=0;38;2;0;255;135:*.vb=0;38;2;0;255;135:*.ps=0;38;2;230;219;116:*.as=0;38;2;0;255;135:*.mn=0;38;2;0;255;135:*.ko=1;38;2;249;38;114:*.pl=0;38;2;0;255;135:*.gv=0;38;2;0;255;135:*.hh=0;38;2;0;255;135:*.lo=0;38;2;122;112;112:*.di=0;38;2;0;255;135:*.nb=0;38;2;0;255;135:*.cc=0;38;2;0;255;135:*.pp=0;38;2;0;255;135:*.go=0;38;2;0;255;135:*.td=0;38;2;0;255;135:*.cr=0;38;2;0;255;135:*.py=0;38;2;0;255;135:*.bc=0;38;2;122;112;112:*.hs=0;38;2;0;255;135:*.cs=0;38;2;0;255;135:*.gz=4;38;2;249;38;114:*css=0;38;2;0;255;135:*.kt=0;38;2;0;255;135:*.hi=0;38;2;122;112;112:*.so=1;38;2;249;38;114:*.js=0;38;2;0;255;135:*.pm=0;38;2;0;255;135:*.la=0;38;2;122;112;112:*.sh=0;38;2;0;255;135:*.cp=0;38;2;0;255;135:*.el=0;38;2;0;255;135:*.rs=0;38;2;0;255;135:*.fs=0;38;2;0;255;135:*.rm=0;38;2;253;151;31:*.rb=0;38;2;0;255;135:*.ui=0;38;2;166;226;46:*.md=0;38;2;226;209;57:*.bz=4;38;2;249;38;114:*.ll=0;38;2;0;255;135:*.exe=1;38;2;249;38;114:*.pro=0;38;2;166;226;46:*.tmp=0;38;2;122;112;112:*.mir=0;38;2;0;255;135:*.hxx=0;38;2;0;255;135:*.sty=0;38;2;122;112;112:*.com=1;38;2;249;38;114:*.flv=0;38;2;253;151;31:*.ics=0;38;2;230;219;116:*.bin=4;38;2;249;38;114:*.mli=0;38;2;0;255;135:*.sxi=0;38;2;230;219;116:*.tex=0;38;2;0;255;135:*.out=0;38;2;122;112;112:*.cxx=0;38;2;0;255;135:*.vim=0;38;2;0;255;135:*.xlr=0;38;2;230;219;116:*.bat=1;38;2;249;38;114:*.pyc=0;38;2;122;112;112:*.xml=0;38;2;226;209;57:*.odt=0;38;2;230;219;116:*.rst=0;38;2;226;209;57:*.xmp=0;38;2;166;226;46:*.arj=4;38;2;249;38;114:*.dll=1;38;2;249;38;114:*.log=0;38;2;122;112;112:*.bak=0;38;2;122;112;112:*.rpm=4;38;2;249;38;114:*.awk=0;38;2;0;255;135:*.elm=0;38;2;0;255;135:*.rtf=0;38;2;230;219;116:*.iso=4;38;2;249;38;114:*.php=0;38;2;0;255;135:*.eps=0;38;2;253;151;31:*.vcd=4;38;2;249;38;114:*.h++=0;38;2;0;255;135:*.xcf=0;38;2;253;151;31:*.pbm=0;38;2;253;151;31:*.lua=0;38;2;0;255;135:*.epp=0;38;2;0;255;135:*.bz2=4;38;2;249;38;114:*.fnt=0;38;2;253;151;31:*.fsx=0;38;2;0;255;135:*.ipp=0;38;2;0;255;135:*.swf=0;38;2;253;151;31:*.mp4=0;38;2;253;151;31:*.ind=0;38;2;122;112;112:*.wmv=0;38;2;253;151;31:*.tsx=0;38;2;0;255;135:*.kex=0;38;2;230;219;116:*.bmp=0;38;2;253;151;31:*.sql=0;38;2;0;255;135:*.ogg=0;38;2;253;151;31:*.tar=4;38;2;249;38;114:*.bcf=0;38;2;122;112;112:*.mp3=0;38;2;253;151;31:*.m4a=0;38;2;253;151;31:*.doc=0;38;2;230;219;116:*.ods=0;38;2;230;219;116:*.pdf=0;38;2;230;219;116:*.mkv=0;38;2;253;151;31:*.wma=0;38;2;253;151;31:*.ps1=0;38;2;0;255;135:*TODO=1:*.dmg=4;38;2;249;38;114:*.def=0;38;2;0;255;135:*.dox=0;38;2;166;226;46:*.cpp=0;38;2;0;255;135:*.tbz=4;38;2;249;38;114:*.fsi=0;38;2;0;255;135:*.otf=0;38;2;253;151;31:*.nix=0;38;2;166;226;46:*.pid=0;38;2;122;112;112:*.odp=0;38;2;230;219;116:*.clj=0;38;2;0;255;135:*.csv=0;38;2;226;209;57:*.img=4;38;2;249;38;114:*.txt=0;38;2;226;209;57:*.zip=4;38;2;249;38;114:*.svg=0;38;2;253;151;31:*.rar=4;38;2;249;38;114:*.htc=0;38;2;0;255;135:*hgrc=0;38;2;166;226;46:*.gif=0;38;2;253;151;31:*.bbl=0;38;2;122;112;112:*.toc=0;38;2;122;112;112:*.sxw=0;38;2;230;219;116:*.pps=0;38;2;230;219;116:*.xls=0;38;2;230;219;116:*.htm=0;38;2;226;209;57:*.csx=0;38;2;0;255;135:*.exs=0;38;2;0;255;135:*.mid=0;38;2;253;151;31:*.mov=0;38;2;253;151;31:*.vob=0;38;2;253;151;31:*.aux=0;38;2;122;112;112:*.gvy=0;38;2;0;255;135:*.cgi=0;38;2;0;255;135:*.deb=4;38;2;249;38;114:*.psd=0;38;2;253;151;31:*.ini=0;38;2;166;226;46:*.erl=0;38;2;0;255;135:*.bst=0;38;2;166;226;46:*.pod=0;38;2;0;255;135:*.dot=0;38;2;0;255;135:*.jpg=0;38;2;253;151;31:*.bib=0;38;2;166;226;46:*.asa=0;38;2;0;255;135:*.tif=0;38;2;253;151;31:*.pkg=4;38;2;249;38;114:*.swp=0;38;2;122;112;112:*.cfg=0;38;2;166;226;46:*.zsh=0;38;2;0;255;135:*.fls=0;38;2;122;112;112:*.dpr=0;38;2;0;255;135:*.kts=0;38;2;0;255;135:*.aif=0;38;2;253;151;31:*.ppt=0;38;2;230;219;116:*.blg=0;38;2;122;112;112:*.apk=4;38;2;249;38;114:*.avi=0;38;2;253;151;31:*.ilg=0;38;2;122;112;112:*.ttf=0;38;2;253;151;31:*.jar=4;38;2;249;38;114:*.inc=0;38;2;0;255;135:*.hpp=0;38;2;0;255;135:*.yml=0;38;2;166;226;46:*.m4v=0;38;2;253;151;31:*.png=0;38;2;253;151;31:*.tml=0;38;2;166;226;46:*.tgz=4;38;2;249;38;114:*.ppm=0;38;2;253;151;31:*.bsh=0;38;2;0;255;135:*.inl=0;38;2;0;255;135:*.ltx=0;38;2;0;255;135:*.git=0;38;2;122;112;112:*.ico=0;38;2;253;151;31:*.pgm=0;38;2;253;151;31:*.pas=0;38;2;0;255;135:*.tcl=0;38;2;0;255;135:*.bag=4;38;2;249;38;114:*.mpg=0;38;2;253;151;31:*.fon=0;38;2;253;151;31:*.sbt=0;38;2;0;255;135:*.wav=0;38;2;253;151;31:*.c++=0;38;2;0;255;135:*.idx=0;38;2;122;112;112:*.lock=0;38;2;122;112;112:*.tbz2=4;38;2;249;38;114:*.json=0;38;2;166;226;46:*.yaml=0;38;2;166;226;46:*.h264=0;38;2;253;151;31:*.less=0;38;2;0;255;135:*.dart=0;38;2;0;255;135:*.fish=0;38;2;0;255;135:*.psd1=0;38;2;0;255;135:*.psm1=0;38;2;0;255;135:*.jpeg=0;38;2;253;151;31:*.hgrc=0;38;2;166;226;46:*.tiff=0;38;2;253;151;31:*.conf=0;38;2;166;226;46:*.purs=0;38;2;0;255;135:*.rlib=0;38;2;122;112;112:*.epub=0;38;2;230;219;116:*.pptx=0;38;2;230;219;116:*.diff=0;38;2;0;255;135:*.lisp=0;38;2;0;255;135:*.docx=0;38;2;230;219;116:*.orig=0;38;2;122;112;112:*.xlsx=0;38;2;230;219;116:*.java=0;38;2;0;255;135:*.bash=0;38;2;0;255;135:*.make=0;38;2;166;226;46:*.html=0;38;2;226;209;57:*.flac=0;38;2;253;151;31:*.toml=0;38;2;166;226;46:*.mpeg=0;38;2;253;151;31:*README=0;38;2;0;0;0;48;2;230;219;116:*passwd=0;38;2;166;226;46:*.cmake=0;38;2;166;226;46:*.swift=0;38;2;0;255;135:*.ipynb=0;38;2;0;255;135:*.cabal=0;38;2;0;255;135:*.toast=4;38;2;249;38;114:*.xhtml=0;38;2;226;209;57:*.mdown=0;38;2;226;209;57:*.class=0;38;2;122;112;112:*.scala=0;38;2;0;255;135:*.dyn_o=0;38;2;122;112;112:*.patch=0;38;2;0;255;135:*shadow=0;38;2;166;226;46:*.shtml=0;38;2;226;209;57:*.cache=0;38;2;122;112;112:*.ignore=0;38;2;166;226;46:*INSTALL=0;38;2;0;0;0;48;2;230;219;116:*.config=0;38;2;166;226;46:*LICENSE=0;38;2;182;182;182:*.gradle=0;38;2;0;255;135:*COPYING=0;38;2;182;182;182:*.matlab=0;38;2;0;255;135:*.flake8=0;38;2;166;226;46:*.dyn_hi=0;38;2;122;112;112:*.groovy=0;38;2;0;255;135:*TODO.md=1:*.gemspec=0;38;2;166;226;46:*setup.py=0;38;2;166;226;46:*Makefile=0;38;2;166;226;46:*Doxyfile=0;38;2;166;226;46:*TODO.txt=1:*.desktop=0;38;2;166;226;46:*README.md=0;38;2;0;0;0;48;2;230;219;116:*.rgignore=0;38;2;166;226;46:*COPYRIGHT=0;38;2;182;182;182:*.DS_Store=0;38;2;122;112;112:*.fdignore=0;38;2;166;226;46:*.markdown=0;38;2;226;209;57:*.kdevelop=0;38;2;166;226;46:*.cmake.in=0;38;2;166;226;46:*configure=0;38;2;166;226;46:*INSTALL.md=0;38;2;0;0;0;48;2;230;219;116:*SConstruct=0;38;2;166;226;46:*.gitconfig=0;38;2;166;226;46:*README.txt=0;38;2;0;0;0;48;2;230;219;116:*.localized=0;38;2;122;112;112:*CODEOWNERS=0;38;2;166;226;46:*Dockerfile=0;38;2;166;226;46:*.gitignore=0;38;2;166;226;46:*SConscript=0;38;2;166;226;46:*.scons_opt=0;38;2;122;112;112:*Makefile.am=0;38;2;166;226;46:*LICENSE-MIT=0;38;2;182;182;182:*Makefile.in=0;38;2;122;112;112:*.synctex.gz=0;38;2;122;112;112:*MANIFEST.in=0;38;2;166;226;46:*INSTALL.txt=0;38;2;0;0;0;48;2;230;219;116:*.travis.yml=0;38;2;230;219;116:*.gitmodules=0;38;2;166;226;46:*configure.ac=0;38;2;166;226;46:*.applescript=0;38;2;0;255;135:*appveyor.yml=0;38;2;230;219;116:*.fdb_latexmk=0;38;2;122;112;112:*CONTRIBUTORS=0;38;2;0;0;0;48;2;230;219;116:*.clang-format=0;38;2;166;226;46:*LICENSE-APACHE=0;38;2;182;182;182:*CMakeLists.txt=0;38;2;166;226;46:*CMakeCache.txt=0;38;2;122;112;112:*.gitattributes=0;38;2;166;226;46:*CONTRIBUTORS.md=0;38;2;0;0;0;48;2;230;219;116:*.sconsign.dblite=0;38;2;122;112;112:*requirements.txt=0;38;2;166;226;46:*CONTRIBUTORS.txt=0;38;2;0;0;0;48;2;230;219;116:*package-lock.json=0;38;2;122;112;112:*.CFUserTextEncoding=0;38;2;122;112;112
# automatic
%F = $(notdir $%)
# environment
DISPLAY = :0
# environment
VSCODE_PIPE_LOGGING = true
# environment
PWD = /home/guillermo/Projects/made
# default
.LOADED := 
# environment
WSL_INTEROP = /run/WSL/9_interop
# environment
PULSE_SERVER = /mnt/wslg/PulseServer
# environment
WT_SESSION = a4147e6c-1517-4317-b188-1fb667ef94d4
# environment
GOMODCACHE = /home/guillermo/go/pkg/mod
# environment
HOME = /home/guillermo
# environment
PERL_MB_OPT = --install_base /home/guillermo/perl5
# environment
LESSCLOSE = /usr/bin/lesspipe %s %s
# environment
PERL_LOCAL_LIB_ROOT = /home/guillermo/perl5
# environment
PERL5LIB = /home/guillermo/perl5/lib/perl5/x86_64-linux-gnu-thread-multi:/home/guillermo/perl5/lib/perl5
# environment
LOGNAME = guillermo
# environment
APPLICATION_INSIGHTS_NO_DIAGNOSTIC_CHANNEL = 1
# environment
VSCODE_HANDLES_UNCAUGHT_ERRORS = true
# automatic
^D = $(patsubst %/,%,$(dir $^))
# environment
MAKELEVEL := 0
# default
MAKE = $(MAKE_COMMAND)
# default
MAKECMDGOALS := all
# environment
DIRENV_DIR = -/home/guillermo/Projects/made
# environment
SHLVL = 1
# default
MAKE_VERSION := 4.2.1
# environment
USER = guillermo
# makefile (from 'Makefile', line 32)
.DEFAULT_GOAL := help 
# environment
GOROOT = /usr/local/go
# environment
LIBVIRT_DEFAULT_URI = qemu:///system
# environment
LESS = -R -F -i -X
# automatic
%D = $(patsubst %/,%,$(dir $%))
# environment
GHI_TOKEN = c395ca317261a50c8517a5a73a6343499651e58e
# environment
VSCODE_WSL_EXT_LOCATION = /mnt/c/Users/guill/.vscode/extensions/ms-vscode-remote.remote-wsl-0.66.3
# default
MAKE_COMMAND := make
# environment
GIT_PS1_SHOWDIRTYSTATE = ofcourse
# default
.VARIABLES := 
# environment
AWT_TOOLKIT = MToolkit
# automatic
*F = $(notdir $*)
# makefile
MAKEFLAGS = pqrR
# environment
MFLAGS = -pqrR
# automatic
*D = $(patsubst %/,%,$(dir $*))
# automatic
+D = $(patsubst %/,%,$(dir $+))
# makefile
SHELL = /bin/sh
# automatic
+F = $(notdir $+)
# environment
DENO_INSTALL = /home/guillermo/.deno
# environment
VSCODE_HANDLES_SIGPIPE = true
# environment
WT_PROFILE_ID = {07b52e3e-de2c-5db4-bd2d-ba144ed6c273}
# default
MAKEFILES := 
# automatic
<F = $(notdir $<)
# environment
PS1 = \A \[\e]0;\w\a\]\[\033[01;31m\]\u\[\033[01;33m\]@\[\033[01;36m\]\h \[\033[01;33m\]\W \[\033[01;35m\]$(__git_ps1 "%s")\$ \[\033[00m\]
# environment
EDITOR = vim
# environment
PAGER = less
# environment
LC_ALL = C
# environment
_JAVA_AWT_WM_NONREPARENTING = 1
# environment
HOSTTYPE = x86_64
# automatic
^F = $(notdir $^)
# default
SUFFIXES := 
# environment
WAYLAND_DISPLAY = wayland-0
# default
.INCLUDE_DIRS = /usr/include /usr/local/include /usr/include
# default
.RECIPEPREFIX := 
# environment
XDG_RUNTIME_DIR = /mnt/wslg/runtime-dir
# environment
LANG = C
# environment
TERM = xterm-256color
# environment
VSCODE_EXTHOST_WILL_SEND_SOCKET = true
# environment
WSL_DISTRO_NAME = Ubuntu-20.04
# environment
MOTD_SHOWN = update-motd
# variable set hash-table stats:
# Load=98/1024=10%, Rehash=0, Collisions=10/124=8%

# Pattern-specific Variable Values

# No pattern-specific variable values.

# Directories

# . (device 2080, inode 633573): 18 files, no impossibilities.

# 18 files, no impossibilities in 1 directories.

# Implicit Rules

# No implicit rules.

# Files

all:
#  Phony target (prerequisite of .PHONY).
#  Command line target.
#  Implicit rule search has not been done.
#  File does not exist.
#  File has been updated.
#  Successfully updated.

tag-release:
#  Implicit rule search has not been done.
#  Modification time never checked.
#  File has not been updated.
#  recipe to execute (from 'Makefile', line 22):
	git tag $(TAG)
	git push --tags
	

.PHONY: clean all help dist
#  Implicit rule search has not been done.
#  Modification time never checked.
#  File has not been updated.

deps:
#  Implicit rule search has not been done.
#  Modification time never checked.
#  File has not been updated.
#  recipe to execute (from 'Makefile', line 10):
	@go get -u github.com/tcnksm/ghr

# Not a target:
Makefile:
#  Implicit rule search has been done.
#  Last modified 2020-09-02 10:19:30
#  File has been updated.
#  Successfully updated.

 
test:
#  Implicit rule search has not been done.
#  Modification time never checked.
#  File has not been updated.
#  recipe to execute (from 'Makefile', line 6):
	@go test ./...

help:
#  Phony target (prerequisite of .PHONY).
#  Implicit rule search has not been done.
#  File does not exist.
#  File has not been updated.
#  recipe to execute (from 'Makefile', line 29):
	@grep -E '^[a-zA-Z_-]+:.*?## .*$$' $(MAKEFILE_LIST) | sort | awk 'BEGIN {FS = ":.*?## "}; {printf "\033[36m%-30s\033[0m %s\n", $$1, $$2}'

release: dist tag-release upload-release
#  Implicit rule search has not been done.
#  Modification time never checked.
#  File has not been updated.

# Not a target:
.DEFAULT:
#  Implicit rule search has not been done.
#  Modification time never checked.
#  File has not been updated.

upload-release:
#  Implicit rule search has not been done.
#  Modification time never checked.
#  File has not been updated.
#  recipe to execute (from 'Makefile', line 26):
	 ~/go/bin/ghr -t $(GITHUB_TOKEN) -u guillermo -r made  --replace --draft  $(TAG) dist/

clean:
#  Phony target (prerequisite of .PHONY).
#  Implicit rule search has not been done.
#  File does not exist.
#  File has not been updated.

dist:
#  Phony target (prerequisite of .PHONY).
#  Implicit rule search has not been done.
#  File does not exist.
#  File has not been updated.
#  recipe to execute (from 'Makefile', line 15):
	@rm -rf dist
	@mkdir dist
	@CGO_ENABLED=0 GOOS=windows GOARCH=amd64 go build -ldflags '-extldflags "-static"' -o dist/made.exe ./cmd/made
	@CGO_ENABLED=0 GOOS=linux   GOARCH=amd64 go build -ldflags '-extldflags "-static"' -o dist/made-linux ./cmd/made
	@CGO_ENABLED=0 GOOS=darwin  GOARCH=amd64 go build -ldflags '-extldflags "-static"' -o dist/made-darwin ./cmd/made

install:
#  Implicit rule search has not been done.
#  Modification time never checked.
#  File has not been updated.
#  recipe to execute (from 'Makefile', line 3):
	go install ./cmd/made

# files hash-table stats:
# Load=14/1024=1%, Rehash=0, Collisions=0/34=0%
# VPATH Search Paths

# No 'vpath' search paths.

# No general ('VPATH' variable) search path.

# strcache buffers: 1 (0) / strings = 32 / storage = 256 B / avg = 8 B
# current buf: size = 8162 B / used = 256 B / count = 32 / avg = 8 B

# strcache performance: lookups = 52 / hit rate = 38%
# hash-table stats:
# Load=32/8192=0%, Rehash=0, Collisions=1/52=2%
# Finished Make data base on Wed Jun  8 11:18:49 2022

 
